
> multcostura-back@1.0.0 start /home/webpeople/multcostura-back
> nodemon --exec babel-node ./app/index.js 

[33m[nodemon] 1.19.4[39m
[33m[nodemon] to restart at any time, enter `rs`[39m
[33m[nodemon] watching dir(s): *.*[39m
[33m[nodemon] watching extensions: js,mjs,json[39m
[32m[nodemon] starting `babel-node ./app/index.js`[39m
events.js:288
      throw er; // Unhandled 'error' event
      ^

Error: EBADF: bad file descriptor, read
Emitted 'error' event on ReadStream instance at:
    at internal/fs/streams.js:186:12
    at FSReqCallback.wrapper [as oncomplete] (fs.js:487:5) {
  errno: -9,
  code: 'EBADF',
  syscall: 'read'
}
npm ERR! code ELIFECYCLE
npm ERR! errno 1
npm ERR! multcostura-back@1.0.0 start: `nodemon --exec babel-node ./app/index.js `
npm ERR! Exit status 1
npm ERR! 
npm ERR! Failed at the multcostura-back@1.0.0 start script.
npm ERR! This is probably not a problem with npm. There is likely additional logging output above.

npm ERR! A complete log of this run can be found in:
npm ERR!     /home/webpeople/.npm/_logs/2020-03-12T17_56_29_538Z-debug.log
Serving on  4000
http://localhost:4000/dist/banners/institutional/contactBanner/c.jpg

> multcostura-back@1.0.0 start /home/webpeople/multcostura-back
> nodemon --exec babel-node ./app/index.js 

[33m[nodemon] 1.19.4[39m
[33m[nodemon] to restart at any time, enter `rs`[39m
[33m[nodemon] watching dir(s): *.*[39m
[33m[nodemon] watching extensions: js,mjs,json[39m
[32m[nodemon] starting `babel-node ./app/index.js`[39m
events.js:288
      throw er; // Unhandled 'error' event
      ^

Error: EBADF: bad file descriptor, read
Emitted 'error' event on ReadStream instance at:
    at internal/fs/streams.js:186:12
    at FSReqCallback.wrapper [as oncomplete] (fs.js:487:5) {
  errno: -9,
  code: 'EBADF',
  syscall: 'read'
}
npm ERR! code ELIFECYCLE
npm ERR! errno 1
npm ERR! multcostura-back@1.0.0 start: `nodemon --exec babel-node ./app/index.js `
npm ERR! Exit status 1
npm ERR! 
npm ERR! Failed at the multcostura-back@1.0.0 start script.
npm ERR! This is probably not a problem with npm. There is likely additional logging output above.

npm ERR! A complete log of this run can be found in:
npm ERR!     /home/webpeople/.npm/_logs/2020-03-12T18_39_13_910Z-debug.log
Serving on  4000

> multcostura-back@1.0.0 start /home/webpeople/multcostura-back
> nodemon --exec babel-node ./app/index.js 

[33m[nodemon] 1.19.4[39m
[33m[nodemon] to restart at any time, enter `rs`[39m
[33m[nodemon] watching dir(s): *.*[39m
[33m[nodemon] watching extensions: js,mjs,json[39m
[32m[nodemon] starting `babel-node ./app/index.js`[39m
events.js:288
      throw er; // Unhandled 'error' event
      ^

Error: EBADF: bad file descriptor, read
Emitted 'error' event on ReadStream instance at:
    at internal/fs/streams.js:186:12
    at FSReqCallback.wrapper [as oncomplete] (fs.js:487:5) {
  errno: -9,
  code: 'EBADF',
  syscall: 'read'
}
npm ERR! code ELIFECYCLE
npm ERR! errno 1
npm ERR! multcostura-back@1.0.0 start: `nodemon --exec babel-node ./app/index.js `
npm ERR! Exit status 1
npm ERR! 
npm ERR! Failed at the multcostura-back@1.0.0 start script.
npm ERR! This is probably not a problem with npm. There is likely additional logging output above.

npm ERR! A complete log of this run can be found in:
npm ERR!     /home/webpeople/.npm/_logs/2020-03-12T19_20_53_952Z-debug.log
Serving on  4000
00000000000
000.000.000-00
null
null
null
null
null
null
null
null
null

> multcostura-back@1.0.0 start /home/webpeople/multcostura-back
> nodemon --exec babel-node ./app/index.js 

[33m[nodemon] 1.19.4[39m
[33m[nodemon] to restart at any time, enter `rs`[39m
[33m[nodemon] watching dir(s): *.*[39m
[33m[nodemon] watching extensions: js,mjs,json[39m
[32m[nodemon] starting `babel-node ./app/index.js`[39m
events.js:288
      throw er; // Unhandled 'error' event
      ^

Error: EBADF: bad file descriptor, read
Emitted 'error' event on ReadStream instance at:
    at internal/fs/streams.js:186:12
    at FSReqCallback.wrapper [as oncomplete] (fs.js:487:5) {
  errno: -9,
  code: 'EBADF',
  syscall: 'read'
}
npm ERR! code ELIFECYCLE
npm ERR! errno 1
npm ERR! multcostura-back@1.0.0 start: `nodemon --exec babel-node ./app/index.js `
npm ERR! Exit status 1
npm ERR! 
npm ERR! Failed at the multcostura-back@1.0.0 start script.
npm ERR! This is probably not a problem with npm. There is likely additional logging output above.

npm ERR! A complete log of this run can be found in:
npm ERR!     /home/webpeople/.npm/_logs/2020-03-12T19_25_03_301Z-debug.log
Serving on  4000
null
null
null
null
null
null
null
http://187.108.207.29:4000/dist/banners/institutional/produtos/a.jpg
http://187.108.207.29:4000/dist/banners/institutional/pecas/b.jpg
http://187.108.207.29:4000/dist/banners/institutional/noticias/c.jpg
http://187.108.207.29:4000/dist/banners/institutional/contactBanner/banner-1562831_1920.png
http://187.108.207.29:4000/dist/banners/institutional/produtos/a.jpg
http://187.108.207.29:4000/dist/banners/institutional/pecas/b.jpg
http://187.108.207.29:4000/dist/banners/institutional/noticias/c.jpg
http://187.108.207.29:4000/dist/banners/institutional/produtos/a.jpg
http://187.108.207.29:4000/dist/banners/institutional/pecas/b.jpg
http://187.108.207.29:4000/dist/banners/institutional/noticias/c.jpg
{ undefined: 'undefined' }
{ undefined: 'undefined' }
http://187.108.207.29:4000/dist/banners/institutional/enterpriseBanner/banner-1562831_1920.png
http://187.108.207.29:4000/dist/banners/institutional/produtos/a.jpg
http://187.108.207.29:4000/dist/banners/institutional/pecas/b.jpg
http://187.108.207.29:4000/dist/banners/institutional/noticias/c.jpg
http://187.108.207.29:4000/dist/banners/institutional/contactBanner/banner-1562831_1920.png
http://187.108.207.29:4000/dist/banners/institutional/produtos/a.jpg
http://187.108.207.29:4000/dist/banners/institutional/pecas/b.jpg
http://187.108.207.29:4000/dist/banners/institutional/noticias/c.jpg
http://187.108.207.29:4000/dist/banners/institutional/enterpriseBanner/banner-1562831_1920.png
http://187.108.207.29:4000/dist/banners/institutional/enterpriseBanner/banner-1562831_1920.png
http://187.108.207.29:4000/dist/banners/institutional/produtos/a.jpg
http://187.108.207.29:4000/dist/banners/institutional/pecas/b.jpg
http://187.108.207.29:4000/dist/banners/institutional/noticias/c.jpg
http://187.108.207.29:4000/dist/banners/institutional/newsBanner/banner.png
{ categories: 'null', manufacturer: 'null', search: '' }
{
  categories: 'undefined',
  manufacturer: 'undefined',
  search: 'undefined'
}
{ categories: 'null', manufacturer: 'null', search: '' }
{
  categories: 'undefined',
  manufacturer: 'undefined',
  search: 'undefined'
}
http://187.108.207.29:4000/dist/banners/institutional/produtos/a.jpg
http://187.108.207.29:4000/dist/banners/institutional/pecas/b.jpg
http://187.108.207.29:4000/dist/banners/institutional/noticias/c.jpg
{ undefined: 'undefined', filters: '{}' }
{ undefined: 'undefined', filters: '{}' }
{ undefined: 'undefined', filters: '{}' }
{ undefined: 'undefined', filters: '{}' }
machine  {
  files: {
    folheto: '/5e6a99af156e350f78d93058/LOGO PDF.pdf.pdf',
    manual: '/5e6a99af156e350f78d93058/LOGO PDF.pdf.pdf'
  },
  images: [
    '/5e6a99af156e350f78d93058/0.jpeg',
    '/5e6a99af156e350f78d93058/1.jpeg',
    '/5e6a99af156e350f78d93058/2.jpeg'
  ],
  productRef: [
    '/5e6a99af156e350f78d93058/0.webp',
    '/5e6a99af156e350f78d93058/1.webp',
    '/5e6a99af156e350f78d93058/2.jpeg',
    '/5e6a99af156e350f78d93058/3.jpeg'
  ],
  _id: 5e6a99af156e350f78d93058,
  name: 'Máquina X',
  manufacturer: 5e6a94e3156e350f78d93057,
  description: 'MAZX -110',
  video: 'https://www.youtube.com/embed/LEoGQU_k78k',
  category: {
    _id: 5e6a94a0156e350f78d93053,
    bannerImages: [ [Object], [Object] ],
    name: 'Lomotif',
    description: '',
    createdAt: 2020-03-12T19:59:28.390Z,
    updatedAt: 2020-03-12T19:59:49.915Z,
    __v: 2
  },
  mainFeatures: 'Lorem Ipsum é simplesmente uma simulação de texto da indústria tipográfica e de impressos, e vem sendo utilizado desde o século XVI, quando um impressor desconhecido pegou uma bandeja de tipos e os embaralhou para fazer um livro de modelos de tipos. Lorem Ipsum sobreviveu não só a cinco séculos, como também ao salto para a editoração eletrônica, permanecendo essencialmente inalterado. Se popularizou na década de 60, quando a Letraset lançou decalques contendo passagens de Lorem Ipsum, e mais recentemente quando passou a ser integrado a softwares de editoração eletrônica como Aldus PageMaker.',
  specifications: {
    modelo: 'ZP-10',
    alturaCalcador: '10',
    comprimentoDoPonto: '10',
    corteDeLinha: 'alto',
    velocidadeMaxima: '5500',
    motor: 'Bifásico',
    numeroDeAgulhas: '10',
    painelTouchScreen: 'sim',
    tipoDeAgulha: 'grossa'
  },
  createdAt: 2020-03-12T20:21:03.591Z,
  updatedAt: 2020-03-12T20:21:03.635Z,
  __v: 1
}
http://187.108.207.29:4000/dist/banners/institutional/produtos/a.jpg
http://187.108.207.29:4000/dist/banners/institutional/pecas/b.jpg
http://187.108.207.29:4000/dist/banners/institutional/noticias/c.jpg
{ categories: '5e6a94a0156e350f78d93053', filters: '{}' }
5e6a94a0156e350f78d93053
{ categories: '5e6a94a0156e350f78d93053', filters: '{}' }
{ categories: '5e6a94a0156e350f78d93053', filters: '{}' }
{ categories: '5e6a94a0156e350f78d93053', filters: '{}' }
{
  categories: '5e6a94a0156e350f78d93053',
  filters: '{"alturaCalcador":"10"}'
}
{
  categories: '5e6a94a0156e350f78d93053',
  filters: '{"alturaCalcador":"10","comprimentoDoPonto":"10"}'
}
{
  categories: '5e6a94a0156e350f78d93053',
  filters: '{"alturaCalcador":"10","comprimentoDoPonto":"10","corteDeLinha":"alto"}'
}
{
  categories: '5e6a94a0156e350f78d93053',
  filters: '{"alturaCalcador":"10","comprimentoDoPonto":"10","corteDeLinha":"alto","modelo":"ZP-10"}'
}
{
  categories: '5e6a94a0156e350f78d93053',
  filters: '{"alturaCalcador":null,"comprimentoDoPonto":null,"corteDeLinha":null,"modelo":null}'
}
{ categories: 'null', manufacturer: 'null', search: '' }
{
  categories: 'undefined',
  manufacturer: 'undefined',
  search: 'undefined'
}
{ categories: 'null', manufacturer: 'null', search: '' }
{
  categories: 'undefined',
  manufacturer: 'undefined',
  search: 'undefined'
}
http://187.108.207.29:4000/dist/banners/institutional/produtos/a.jpg
http://187.108.207.29:4000/dist/banners/institutional/pecas/b.jpg
http://187.108.207.29:4000/dist/banners/institutional/noticias/c.jpg
{ undefined: 'undefined', filters: '{}' }
{ undefined: 'undefined', filters: '{}' }
{ undefined: 'undefined', filters: '{}' }
{ undefined: 'undefined', filters: '{}' }
http://187.108.207.29:4000/dist/banners/institutional/produtos/a.jpg
http://187.108.207.29:4000/dist/banners/institutional/pecas/b.jpg
http://187.108.207.29:4000/dist/banners/institutional/noticias/c.jpg
{ categories: '5e6a94a0156e350f78d93053', filters: '{}' }
5e6a94a0156e350f78d93053
{ categories: '5e6a94a0156e350f78d93053', filters: '{}' }
{
  categories: '5e6a94a0156e350f78d93053',
  filters: '{"modelo":null,"alturaCalcador":null,"comprimentoDoPonto":null,"corteDeLinha":null,"velocidadeMaxima":null,"motor":null,"numeroDeAgulhas":null,"painelTouchScreen":null,"tipoDeAgulha":null}'
}
{
  categories: '5e6a94a0156e350f78d93053',
  filters: '{"modelo":null,"alturaCalcador":null,"comprimentoDoPonto":null,"corteDeLinha":null,"velocidadeMaxima":null,"motor":null,"numeroDeAgulhas":null,"painelTouchScreen":null,"tipoDeAgulha":null}'
}
{
  categories: '5e6a94a0156e350f78d93053',
  filters: '{"modelo":null,"alturaCalcador":null,"comprimentoDoPonto":null,"corteDeLinha":null,"velocidadeMaxima":null,"motor":null,"numeroDeAgulhas":null,"painelTouchScreen":null,"tipoDeAgulha":null}'
}
{
  categories: '5e6a94a0156e350f78d93053',
  filters: '{"modelo":null,"alturaCalcador":"10","comprimentoDoPonto":null,"corteDeLinha":null,"velocidadeMaxima":null,"motor":null,"numeroDeAgulhas":null,"painelTouchScreen":null,"tipoDeAgulha":null}'
}
{
  categories: '5e6a94a0156e350f78d93053',
  filters: '{"modelo":null,"alturaCalcador":"10","comprimentoDoPonto":"20","corteDeLinha":null,"velocidadeMaxima":null,"motor":null,"numeroDeAgulhas":null,"painelTouchScreen":null,"tipoDeAgulha":null}'
}
{
  categories: '5e6a94a0156e350f78d93053',
  filters: '{"modelo":null,"alturaCalcador":"10","comprimentoDoPonto":"10","corteDeLinha":null,"velocidadeMaxima":null,"motor":null,"numeroDeAgulhas":null,"painelTouchScreen":null,"tipoDeAgulha":null}'
}
{
  categories: '5e6a94a0156e350f78d93053',
  filters: '{"modelo":null,"alturaCalcador":"10","comprimentoDoPonto":"20","corteDeLinha":null,"velocidadeMaxima":null,"motor":null,"numeroDeAgulhas":null,"painelTouchScreen":null,"tipoDeAgulha":null}'
}
{
  categories: '5e6a94a0156e350f78d93053',
  filters: '{"modelo":null,"alturaCalcador":"10","comprimentoDoPonto":null,"corteDeLinha":null,"velocidadeMaxima":null,"motor":null,"numeroDeAgulhas":null,"painelTouchScreen":null,"tipoDeAgulha":null}'
}
{
  categories: '5e6a94a0156e350f78d93053',
  filters: '{"modelo":null,"alturaCalcador":"10","comprimentoDoPonto":null,"corteDeLinha":"alto","velocidadeMaxima":null,"motor":null,"numeroDeAgulhas":null,"painelTouchScreen":null,"tipoDeAgulha":null}'
}
{
  categories: '5e6a94a0156e350f78d93053',
  filters: '{"modelo":null,"alturaCalcador":"10","comprimentoDoPonto":null,"corteDeLinha":null,"velocidadeMaxima":null,"motor":null,"numeroDeAgulhas":null,"painelTouchScreen":null,"tipoDeAgulha":null}'
}
{
  categories: '5e6a94a0156e350f78d93053',
  filters: '{"modelo":"ZP-10","alturaCalcador":"10","comprimentoDoPonto":null,"corteDeLinha":null,"velocidadeMaxima":null,"motor":null,"numeroDeAgulhas":null,"painelTouchScreen":null,"tipoDeAgulha":null}'
}
{
  categories: '5e6a94a0156e350f78d93053',
  filters: '{"modelo":"AAA","alturaCalcador":"10","comprimentoDoPonto":null,"corteDeLinha":null,"velocidadeMaxima":null,"motor":null,"numeroDeAgulhas":null,"painelTouchScreen":null,"tipoDeAgulha":null}'
}
{
  categories: '5e6a94a0156e350f78d93053',
  filters: '{"modelo":"AAA","alturaCalcador":null,"comprimentoDoPonto":null,"corteDeLinha":null,"velocidadeMaxima":null,"motor":null,"numeroDeAgulhas":null,"painelTouchScreen":null,"tipoDeAgulha":null}'
}
{
  categories: '5e6a94a0156e350f78d93053',
  filters: '{"modelo":null,"alturaCalcador":null,"comprimentoDoPonto":null,"corteDeLinha":null,"velocidadeMaxima":null,"motor":null,"numeroDeAgulhas":null,"painelTouchScreen":null,"tipoDeAgulha":null}'
}
{
  categories: '5e6a94a0156e350f78d93053',
  filters: '{"modelo":"ZP-10","alturaCalcador":null,"comprimentoDoPonto":null,"corteDeLinha":null,"velocidadeMaxima":null,"motor":null,"numeroDeAgulhas":null,"painelTouchScreen":null,"tipoDeAgulha":null}'
}
{
  categories: '5e6a94a0156e350f78d93053',
  filters: '{"modelo":"AAA","alturaCalcador":null,"comprimentoDoPonto":null,"corteDeLinha":null,"velocidadeMaxima":null,"motor":null,"numeroDeAgulhas":null,"painelTouchScreen":null,"tipoDeAgulha":null}'
}
{
  categories: '5e6a94a0156e350f78d93053',
  filters: '{"modelo":"ZP-10","alturaCalcador":null,"comprimentoDoPonto":null,"corteDeLinha":null,"velocidadeMaxima":null,"motor":null,"numeroDeAgulhas":null,"painelTouchScreen":null,"tipoDeAgulha":null}'
}
{
  categories: '5e6a94a0156e350f78d93053',
  filters: '{"modelo":null,"alturaCalcador":null,"comprimentoDoPonto":null,"corteDeLinha":null,"velocidadeMaxima":null,"motor":null,"numeroDeAgulhas":null,"painelTouchScreen":null,"tipoDeAgulha":null}'
}
{
  categories: '5e6a94a0156e350f78d93053',
  filters: '{"modelo":null,"alturaCalcador":null,"comprimentoDoPonto":null,"corteDeLinha":null,"velocidadeMaxima":null,"motor":"bi","numeroDeAgulhas":null,"painelTouchScreen":null,"tipoDeAgulha":null}'
}
{
  categories: '5e6a94a0156e350f78d93053',
  filters: '{"modelo":null,"alturaCalcador":null,"comprimentoDoPonto":null,"corteDeLinha":null,"velocidadeMaxima":null,"motor":null,"numeroDeAgulhas":null,"painelTouchScreen":null,"tipoDeAgulha":null}'
}
{
  categories: '5e6a94a0156e350f78d93053',
  filters: '{"modelo":null,"alturaCalcador":null,"comprimentoDoPonto":null,"corteDeLinha":null,"velocidadeMaxima":null,"motor":null,"numeroDeAgulhas":"10","painelTouchScreen":null,"tipoDeAgulha":null}'
}
{
  categories: '5e6a94a0156e350f78d93053',
  filters: '{"modelo":null,"alturaCalcador":null,"comprimentoDoPonto":null,"corteDeLinha":null,"velocidadeMaxima":null,"motor":null,"numeroDeAgulhas":null,"painelTouchScreen":null,"tipoDeAgulha":null}'
}
{
  categories: '5e6a94a0156e350f78d93053',
  filters: '{"modelo":null,"alturaCalcador":null,"comprimentoDoPonto":null,"corteDeLinha":null,"velocidadeMaxima":null,"motor":null,"numeroDeAgulhas":null,"painelTouchScreen":"sim","tipoDeAgulha":null}'
}
{
  categories: '5e6a94a0156e350f78d93053',
  filters: '{"modelo":null,"alturaCalcador":null,"comprimentoDoPonto":null,"corteDeLinha":null,"velocidadeMaxima":null,"motor":null,"numeroDeAgulhas":null,"painelTouchScreen":null,"tipoDeAgulha":null}'
}
{
  categories: '5e6a94a0156e350f78d93053',
  filters: '{"modelo":null,"alturaCalcador":null,"comprimentoDoPonto":null,"corteDeLinha":null,"velocidadeMaxima":null,"motor":null,"numeroDeAgulhas":null,"painelTouchScreen":null,"tipoDeAgulha":"grossa"}'
}
{
  categories: '5e6a94a0156e350f78d93053',
  filters: '{"modelo":null,"alturaCalcador":null,"comprimentoDoPonto":null,"corteDeLinha":null,"velocidadeMaxima":null,"motor":null,"numeroDeAgulhas":null,"painelTouchScreen":null,"tipoDeAgulha":null}'
}
{
  categories: '5e6a94a0156e350f78d93053',
  filters: '{"modelo":null,"alturaCalcador":null,"comprimentoDoPonto":null,"corteDeLinha":null,"velocidadeMaxima":"5500","motor":null,"numeroDeAgulhas":null,"painelTouchScreen":null,"tipoDeAgulha":null}'
}
{
  categories: '5e6a94a0156e350f78d93053',
  filters: '{"modelo":null,"alturaCalcador":null,"comprimentoDoPonto":null,"corteDeLinha":null,"velocidadeMaxima":null,"motor":null,"numeroDeAgulhas":null,"painelTouchScreen":null,"tipoDeAgulha":null}'
}
machine  {
  images: [
    '/5e6a9a9c156e350f78d93059/0.jpeg',
    '/5e6a9a9c156e350f78d93059/1.jpeg',
    '/5e6a9a9c156e350f78d93059/2.jpeg'
  ],
  productRef: [ '/5e6a9a9c156e350f78d93059/0.webp' ],
  _id: 5e6a9a9c156e350f78d93059,
  name: 'Máquina Y',
  manufacturer: 5e6a94e3156e350f78d93057,
  description: 'ZPA-Y',
  video: 'https://www.youtube.com/embed/x3bfa3DZ8JM',
  category: {
    _id: 5e6a94a0156e350f78d93053,
    bannerImages: [ [Object], [Object] ],
    name: 'Lomotif',
    description: '',
    createdAt: 2020-03-12T19:59:28.390Z,
    updatedAt: 2020-03-12T19:59:49.915Z,
    __v: 2
  },
  mainFeatures: 'Lorem Ipsum é simplesmente uma simulação de texto da indústria tipográfica e de impressos, e vem sendo utilizado desde o século XVI, quando um impressor desconhecido pegou uma bandeja de tipos e os embaralhou para fazer um livro de modelos de tipos. Lorem Ipsum sobreviveu não só a cinco séculos, como também ao salto para a editoração eletrônica, permanecendo essencialmente inalterado. Se popularizou na década de 60, quando a Letraset lançou decalques contendo passagens de Lorem Ipsum, e mais recentemente quando passou a ser integrado a softwares de editoração eletrônica como Aldus PageMaker.',
  specifications: {
    modelo: 'AAA',
    alturaCalcador: '10',
    comprimentoDoPonto: '20',
    corteDeLinha: 'alto',
    velocidadeMaxima: '5500',
    motor: 'bi',
    numeroDeAgulhas: '230',
    painelTouchScreen: 'sim',
    tipoDeAgulha: 'grossa'
  },
  createdAt: 2020-03-12T20:25:00.918Z,
  updatedAt: 2020-03-12T20:25:00.928Z,
  __v: 1
}
http://187.108.207.29:4000/dist/banners/institutional/produtos/a.jpg
http://187.108.207.29:4000/dist/banners/institutional/pecas/b.jpg
http://187.108.207.29:4000/dist/banners/institutional/noticias/c.jpg
geocode { lat: -23.6502949999659, lng: -46.7333349999732 }
http://187.108.207.29:4000/dist/banners/institutional/produtos/a.jpg
http://187.108.207.29:4000/dist/banners/institutional/pecas/b.jpg
http://187.108.207.29:4000/dist/banners/institutional/noticias/c.jpg
{ tools: 'undefined', filters: '{}' }
{ manufacturer: '5e6a94e3156e350f78d93057', filters: '{}' }
{ manufacturer: '5e6a94e3156e350f78d93057', filters: '{}' }
{ manufacturer: '5e6a94e3156e350f78d93057', filters: '{}' }
http://187.108.207.29:4000/dist/banners/institutional/produtos/a.jpg
http://187.108.207.29:4000/dist/banners/institutional/pecas/b.jpg
http://187.108.207.29:4000/dist/banners/institutional/noticias/c.jpg
http://187.108.207.29:4000/dist/banners/institutional/newsBanner/banner.png
http://187.108.207.29:4000/dist/banners/institutional/noticias/c.jpg
http://187.108.207.29:4000/dist/banners/institutional/produtos/a.jpg
http://187.108.207.29:4000/dist/banners/institutional/pecas/b.jpg
http://187.108.207.29:4000/dist/banners/institutional/noticias/c.jpg
http://187.108.207.29:4000/dist/banners/institutional/newsBanner/banner.png
/home/webpeople/multcostura-back/dist/news/5e6a9b8e156e350f78d9305b/gallery/images/espaço-para-eventos-corporativos1584044963877.png
/home/webpeople/multcostura-back/dist/news/5e6a9b8e156e350f78d9305b/gallery/images/banner1584044972341.png
/home/webpeople/multcostura-back/dist/news/5e6a9b8e156e350f78d9305b/gallery/images/banner-1562831_19201584044973014.png
http://187.108.207.29:4000/dist/banners/institutional/produtos/a.jpg
http://187.108.207.29:4000/dist/banners/institutional/pecas/b.jpg
http://187.108.207.29:4000/dist/banners/institutional/noticias/c.jpg
http://187.108.207.29:4000/dist/banners/institutional/newsBanner/banner.png
http://187.108.207.29:4000/dist/banners/institutional/produtos/a.jpg
http://187.108.207.29:4000/dist/banners/institutional/pecas/b.jpg
http://187.108.207.29:4000/dist/banners/institutional/noticias/c.jpg
{ manufacturer: '5e6a94e3156e350f78d93057', filters: '{}' }
{ manufacturer: '5e6a94e3156e350f78d93057', filters: '{}' }
{ manufacturer: '5e6a94e3156e350f78d93057', filters: '{}' }
{ manufacturer: '5e6a94e3156e350f78d93057', filters: '{}' }
http://187.108.207.29:4000/dist/banners/institutional/produtos/a.jpg
http://187.108.207.29:4000/dist/banners/institutional/pecas/b.jpg
http://187.108.207.29:4000/dist/banners/institutional/noticias/c.jpg
5e6a94a0156e350f78d93053
{ categories: '5e6a94a0156e350f78d93053', filters: '{}' }
{ categories: '5e6a94a0156e350f78d93053', filters: '{}' }
{
  categories: '5e6a94a0156e350f78d93053',
  filters: '{"modelo":null,"alturaCalcador":null,"comprimentoDoPonto":null,"corteDeLinha":null,"velocidadeMaxima":null,"motor":null,"numeroDeAgulhas":null,"painelTouchScreen":null,"tipoDeAgulha":null}'
}
{
  categories: '5e6a94a0156e350f78d93053',
  filters: '{"modelo":null,"alturaCalcador":null,"comprimentoDoPonto":null,"corteDeLinha":null,"velocidadeMaxima":null,"motor":null,"numeroDeAgulhas":null,"painelTouchScreen":null,"tipoDeAgulha":null}'
}
{
  categories: '5e6a94a0156e350f78d93053',
  filters: '{"modelo":null,"alturaCalcador":null,"comprimentoDoPonto":null,"corteDeLinha":null,"velocidadeMaxima":null,"motor":null,"numeroDeAgulhas":null,"painelTouchScreen":null,"tipoDeAgulha":null}'
}
http://187.108.207.29:4000/dist/banners/institutional/produtos/a.jpg
http://187.108.207.29:4000/dist/banners/institutional/pecas/b.jpg
http://187.108.207.29:4000/dist/banners/institutional/noticias/c.jpg
5e6a94a0156e350f78d93053
{ categories: '5e6a94a0156e350f78d93053', filters: '{}' }
{ categories: '5e6a94a0156e350f78d93053', filters: '{}' }
{ categories: '5e6a94a0156e350f78d93053', filters: '{}' }
{ categories: '5e6a94a0156e350f78d93053', filters: '{}' }
http://187.108.207.29:4000/dist/banners/institutional/produtos/a.jpg
http://187.108.207.29:4000/dist/banners/institutional/pecas/b.jpg
http://187.108.207.29:4000/dist/banners/institutional/noticias/c.jpg
{ categories: '5e6a94a0156e350f78d93053', filters: '{}' }
5e6a94a0156e350f78d93053
{ categories: '5e6a94a0156e350f78d93053', filters: '{}' }
{
  categories: '5e6a94a0156e350f78d93053',
  filters: '{"modelo":null,"alturaCalcador":null,"comprimentoDoPonto":null,"corteDeLinha":null,"velocidadeMaxima":null,"motor":null,"numeroDeAgulhas":null,"painelTouchScreen":null,"tipoDeAgulha":null}'
}
{
  categories: '5e6a94a0156e350f78d93053',
  filters: '{"modelo":null,"alturaCalcador":null,"comprimentoDoPonto":null,"corteDeLinha":null,"velocidadeMaxima":null,"motor":null,"numeroDeAgulhas":null,"painelTouchScreen":null,"tipoDeAgulha":null}'
}
{
  categories: '5e6a94a0156e350f78d93053',
  filters: '{"modelo":null,"alturaCalcador":null,"comprimentoDoPonto":null,"corteDeLinha":null,"velocidadeMaxima":null,"motor":null,"numeroDeAgulhas":null,"painelTouchScreen":null,"tipoDeAgulha":null}'
}
{
  categories: '5e6a94a0156e350f78d93053',
  filters: '{"modelo":null,"alturaCalcador":"10","comprimentoDoPonto":null,"corteDeLinha":null,"velocidadeMaxima":null,"motor":null,"numeroDeAgulhas":null,"painelTouchScreen":null,"tipoDeAgulha":null}'
}
http://187.108.207.29:4000/dist/banners/institutional/newsBanner/banner.png
000.000.000-00
{ categories: 'null', manufacturer: 'null', search: '' }
{
  categories: 'undefined',
  manufacturer: 'undefined',
  search: 'undefined'
}
{ categories: 'null', manufacturer: 'null', search: '' }
{
  categories: 'undefined',
  manufacturer: 'undefined',
  search: 'undefined'
}
http://187.108.207.29:4000/dist/banners/institutional/produtos/a.jpg
http://187.108.207.29:4000/dist/banners/institutional/pecas/b.jpg
http://187.108.207.29:4000/dist/banners/institutional/noticias/c.jpg
{ undefined: 'undefined', filters: '{}' }
{ undefined: 'undefined', filters: '{}' }
{ undefined: 'undefined', filters: '{}' }
{ undefined: 'undefined', filters: '{}' }
{ undefined: 'undefined', filters: '{}' }
{ undefined: 'undefined', filters: '{}' }
{ undefined: 'undefined', filters: '{}' }
{ undefined: 'undefined', filters: '{}' }
http://187.108.207.29:4000/dist/banners/institutional/contactBanner/banner-1562831_1920.png
http://187.108.207.29:4000/dist/banners/institutional/produtos/a.jpg
http://187.108.207.29:4000/dist/banners/institutional/pecas/b.jpg
http://187.108.207.29:4000/dist/banners/institutional/noticias/c.jpg
{ categories: '5e6a94a0156e350f78d93053', filters: '{}' }
5e6a94a0156e350f78d93053
{ categories: '5e6a94a0156e350f78d93053', filters: '{}' }
{
  categories: '5e6a94a0156e350f78d93053',
  filters: '{"modelo":null,"alturaCalcador":null,"comprimentoDoPonto":null,"corteDeLinha":null,"velocidadeMaxima":null,"motor":null,"numeroDeAgulhas":null,"painelTouchScreen":null,"tipoDeAgulha":null}'
}
{ categories: '5e6a94a0156e350f78d93053', filters: '{}' }
{ categories: '5e6a94a0156e350f78d93053', filters: '{}' }
machine  {
  images: [
    '/5e6a9a9c156e350f78d93059/0.jpeg',
    '/5e6a9a9c156e350f78d93059/1.jpeg',
    '/5e6a9a9c156e350f78d93059/2.jpeg'
  ],
  productRef: [ '/5e6a9a9c156e350f78d93059/0.webp' ],
  _id: 5e6a9a9c156e350f78d93059,
  name: 'Máquina Y',
  manufacturer: 5e6a94e3156e350f78d93057,
  description: 'ZPA-Y',
  video: 'https://www.youtube.com/embed/x3bfa3DZ8JM',
  category: {
    _id: 5e6a94a0156e350f78d93053,
    bannerImages: [ [Object], [Object] ],
    name: 'Lomotif',
    description: '',
    createdAt: 2020-03-12T19:59:28.390Z,
    updatedAt: 2020-03-12T19:59:49.915Z,
    __v: 2
  },
  mainFeatures: 'Lorem Ipsum é simplesmente uma simulação de texto da indústria tipográfica e de impressos, e vem sendo utilizado desde o século XVI, quando um impressor desconhecido pegou uma bandeja de tipos e os embaralhou para fazer um livro de modelos de tipos. Lorem Ipsum sobreviveu não só a cinco séculos, como também ao salto para a editoração eletrônica, permanecendo essencialmente inalterado. Se popularizou na década de 60, quando a Letraset lançou decalques contendo passagens de Lorem Ipsum, e mais recentemente quando passou a ser integrado a softwares de editoração eletrônica como Aldus PageMaker.',
  specifications: {
    modelo: 'AAA',
    alturaCalcador: '10',
    comprimentoDoPonto: '20',
    corteDeLinha: 'alto',
    velocidadeMaxima: '5500',
    motor: 'bi',
    numeroDeAgulhas: '230',
    painelTouchScreen: 'sim',
    tipoDeAgulha: 'grossa'
  },
  createdAt: 2020-03-12T20:25:00.918Z,
  updatedAt: 2020-03-12T20:25:00.928Z,
  __v: 1
}
http://187.108.207.29:4000/dist/banners/institutional/produtos/a.jpg
http://187.108.207.29:4000/dist/banners/institutional/pecas/b.jpg
http://187.108.207.29:4000/dist/banners/institutional/noticias/c.jpg
{ search: 'true', filters: '{}' }
{ search: 'true', filters: '{}' }
{ undefined: 'undefined', filters: '{}' }
{ undefined: 'undefined', filters: '{}' }
http://187.108.207.29:4000/dist/banners/institutional/produtos/a.jpg
http://187.108.207.29:4000/dist/banners/institutional/pecas/b.jpg
http://187.108.207.29:4000/dist/banners/institutional/noticias/c.jpg
http://187.108.207.29:4000/dist/banners/institutional/newsBanner/banner.png
http://187.108.207.29:4000/dist/banners/institutional/produtos/a.jpg
http://187.108.207.29:4000/dist/banners/institutional/pecas/b.jpg
http://187.108.207.29:4000/dist/banners/institutional/noticias/c.jpg
http://187.108.207.29:4000/dist/banners/institutional/newsBanner/banner.png
{ manufacturer: '5e6a94e3156e350f78d93057', filters: '{}' }
{ manufacturer: '5e6a94e3156e350f78d93057', filters: '{}' }
{ manufacturer: '5e6a94e3156e350f78d93057', filters: '{}' }
{ manufacturer: '5e6a94e3156e350f78d93057', filters: '{}' }
http://187.108.207.29:4000/dist/banners/institutional/produtos/a.jpg
http://187.108.207.29:4000/dist/banners/institutional/pecas/b.jpg
http://187.108.207.29:4000/dist/banners/institutional/noticias/c.jpg
{ search: 'true', filters: '{}' }
{ search: 'true', filters: '{}' }
{ undefined: 'undefined', filters: '{}' }
{ undefined: 'undefined', filters: '{}' }
http://187.108.207.29:4000/dist/banners/institutional/produtos/a.jpg
http://187.108.207.29:4000/dist/banners/institutional/pecas/b.jpg
http://187.108.207.29:4000/dist/banners/institutional/noticias/c.jpg
{ categories: 'null', manufacturer: 'null', search: '' }
{
  categories: 'undefined',
  manufacturer: 'undefined',
  search: 'undefined'
}
{ categories: 'null', manufacturer: 'null', search: '' }
{
  categories: 'undefined',
  manufacturer: 'undefined',
  search: 'undefined'
}
geocode { lat: -23.648221597082998, lng: -46.73167051498867 }
http://187.108.207.29:4000/dist/banners/institutional/enterpriseBanner/banner-1562831_1920.png
http://187.108.207.29:4000/dist/banners/institutional/contactBanner/banner-1562831_1920.png
{ categories: 'null', manufacturer: 'null', search: '' }
{
  categories: 'undefined',
  manufacturer: 'undefined',
  search: 'undefined'
}
 000.000.000-00
 000.000.000-00
 000.000.000-00
{ categories: 'null', manufacturer: 'null', search: '' }
{
  categories: 'undefined',
  manufacturer: 'undefined',
  search: 'undefined'
}
http://187.108.207.29:4000/dist/banners/institutional/produtos/a.jpg
http://187.108.207.29:4000/dist/banners/institutional/pecas/b.jpg
http://187.108.207.29:4000/dist/banners/institutional/noticias/c.jpg
http://187.108.207.29:4000/dist/banners/institutional/enterpriseBanner/banner-1562831_1920.png
http://187.108.207.29:4000/dist/banners/institutional/newsBanner/banner.png
http://187.108.207.29:4000/dist/banners/institutional/produtos/a.jpg
http://187.108.207.29:4000/dist/banners/institutional/pecas/b.jpg
http://187.108.207.29:4000/dist/banners/institutional/noticias/c.jpg
http://187.108.207.29:4000/dist/banners/institutional/newsBanner/banner.png
http://187.108.207.29:4000/dist/banners/institutional/contactBanner/banner-1562831_1920.png
{ categories: '5e6a94a0156e350f78d93053', filters: '{}' }
5e6a94a0156e350f78d93053
{ categories: '5e6a94a0156e350f78d93053', filters: '{}' }
{
  categories: '5e6a94a0156e350f78d93053',
  filters: '{"modelo":null,"alturaCalcador":null,"comprimentoDoPonto":null,"corteDeLinha":null,"velocidadeMaxima":null,"motor":null,"numeroDeAgulhas":null,"painelTouchScreen":null,"tipoDeAgulha":null}'
}
{ categories: '5e6a94a0156e350f78d93053', filters: '{}' }
{ categories: '5e6a94a0156e350f78d93053', filters: '{}' }
{
  categories: '5e6a94a0156e350f78d93053',
  filters: '{"modelo":null,"alturaCalcador":"10","comprimentoDoPonto":null,"corteDeLinha":null,"velocidadeMaxima":null,"motor":null,"numeroDeAgulhas":null,"painelTouchScreen":null,"tipoDeAgulha":null}'
}
{
  categories: '5e6a94a0156e350f78d93053',
  filters: '{"modelo":null,"alturaCalcador":"10","comprimentoDoPonto":"10","corteDeLinha":null,"velocidadeMaxima":null,"motor":null,"numeroDeAgulhas":null,"painelTouchScreen":null,"tipoDeAgulha":null}'
}
{
  categories: '5e6a94a0156e350f78d93053',
  filters: '{"modelo":null,"alturaCalcador":"10","comprimentoDoPonto":"10","corteDeLinha":"alto","velocidadeMaxima":null,"motor":null,"numeroDeAgulhas":null,"painelTouchScreen":null,"tipoDeAgulha":null}'
}
{
  categories: '5e6a94a0156e350f78d93053',
  filters: '{"modelo":"ZP-10","alturaCalcador":"10","comprimentoDoPonto":"10","corteDeLinha":"alto","velocidadeMaxima":null,"motor":null,"numeroDeAgulhas":null,"painelTouchScreen":null,"tipoDeAgulha":null}'
}
{
  categories: '5e6a94a0156e350f78d93053',
  filters: '{"modelo":"ZP-10","alturaCalcador":"10","comprimentoDoPonto":"10","corteDeLinha":"alto","velocidadeMaxima":null,"motor":"Bifásico","numeroDeAgulhas":null,"painelTouchScreen":null,"tipoDeAgulha":null}'
}
{
  categories: '5e6a94a0156e350f78d93053',
  filters: '{"modelo":"ZP-10","alturaCalcador":"10","comprimentoDoPonto":"10","corteDeLinha":"alto","velocidadeMaxima":null,"motor":"bi","numeroDeAgulhas":null,"painelTouchScreen":null,"tipoDeAgulha":null}'
}
{
  categories: '5e6a94a0156e350f78d93053',
  filters: '{"modelo":"ZP-10","alturaCalcador":"10","comprimentoDoPonto":"10","corteDeLinha":"alto","velocidadeMaxima":null,"motor":"bi","numeroDeAgulhas":"10","painelTouchScreen":null,"tipoDeAgulha":null}'
}
{
  categories: '5e6a94a0156e350f78d93053',
  filters: '{"modelo":"ZP-10","alturaCalcador":"10","comprimentoDoPonto":"10","corteDeLinha":"alto","velocidadeMaxima":null,"motor":"bi","numeroDeAgulhas":"230","painelTouchScreen":null,"tipoDeAgulha":null}'
}
{
  categories: '5e6a94a0156e350f78d93053',
  filters: '{"modelo":"ZP-10","alturaCalcador":"10","comprimentoDoPonto":"10","corteDeLinha":"alto","velocidadeMaxima":null,"motor":"bi","numeroDeAgulhas":"230","painelTouchScreen":"sim","tipoDeAgulha":null}'
}
{
  categories: '5e6a94a0156e350f78d93053',
  filters: '{"modelo":"ZP-10","alturaCalcador":"10","comprimentoDoPonto":"10","corteDeLinha":"alto","velocidadeMaxima":null,"motor":"bi","numeroDeAgulhas":"230","painelTouchScreen":"sim","tipoDeAgulha":"grossa"}'
}
{
  categories: '5e6a94a0156e350f78d93053',
  filters: '{"modelo":"ZP-10","alturaCalcador":"10","comprimentoDoPonto":"10","corteDeLinha":"alto","velocidadeMaxima":"5500","motor":"bi","numeroDeAgulhas":"230","painelTouchScreen":"sim","tipoDeAgulha":"grossa"}'
}
{
  categories: '5e6a94a0156e350f78d93053',
  filters: '{"modelo":null,"alturaCalcador":null,"comprimentoDoPonto":null,"corteDeLinha":null,"velocidadeMaxima":null,"motor":null,"numeroDeAgulhas":null,"painelTouchScreen":null,"tipoDeAgulha":null}'
}
http://187.108.207.29:4000/dist/banners/institutional/contactBanner/banner-1562831_1920.png
http://187.108.207.29:4000/dist/banners/institutional/produtos/a.jpg
http://187.108.207.29:4000/dist/banners/institutional/pecas/b.jpg
http://187.108.207.29:4000/dist/banners/institutional/noticias/c.jpg
http://187.108.207.29:4000/dist/banners/institutional/produtos/a.jpg
http://187.108.207.29:4000/dist/banners/institutional/pecas/b.jpg
http://187.108.207.29:4000/dist/banners/institutional/noticias/c.jpg
http://187.108.207.29:4000/dist/banners/institutional/produtos/a.jpg
http://187.108.207.29:4000/dist/banners/institutional/pecas/b.jpg
http://187.108.207.29:4000/dist/banners/institutional/noticias/c.jpg
{
  categories: 'undefined',
  manufacturer: 'undefined',
  search: 'undefined'
}
{ categories: 'null', manufacturer: 'null', search: '' }
machine  {
  files: {
    folheto: '/5e6a99af156e350f78d93058/LOGO PDF.pdf.pdf',
    manual: '/5e6a99af156e350f78d93058/LOGO PDF.pdf.pdf'
  },
  images: [
    '/5e6a99af156e350f78d93058/0.jpeg',
    '/5e6a99af156e350f78d93058/1.jpeg',
    '/5e6a99af156e350f78d93058/2.jpeg'
  ],
  productRef: [
    '/5e6a99af156e350f78d93058/0.webp',
    '/5e6a99af156e350f78d93058/1.webp',
    '/5e6a99af156e350f78d93058/2.jpeg',
    '/5e6a99af156e350f78d93058/3.jpeg'
  ],
  _id: 5e6a99af156e350f78d93058,
  name: 'Máquina X',
  manufacturer: 5e6a94e3156e350f78d93057,
  description: 'MAZX -110',
  video: 'https://www.youtube.com/embed/LEoGQU_k78k',
  category: {
    _id: 5e6a94a0156e350f78d93053,
    bannerImages: [ [Object], [Object] ],
    name: 'Lomotif',
    description: '',
    createdAt: 2020-03-12T19:59:28.390Z,
    updatedAt: 2020-03-12T19:59:49.915Z,
    __v: 2
  },
  mainFeatures: 'Lorem Ipsum é simplesmente uma simulação de texto da indústria tipográfica e de impressos, e vem sendo utilizado desde o século XVI, quando um impressor desconhecido pegou uma bandeja de tipos e os embaralhou para fazer um livro de modelos de tipos. Lorem Ipsum sobreviveu não só a cinco séculos, como também ao salto para a editoração eletrônica, permanecendo essencialmente inalterado. Se popularizou na década de 60, quando a Letraset lançou decalques contendo passagens de Lorem Ipsum, e mais recentemente quando passou a ser integrado a softwares de editoração eletrônica como Aldus PageMaker.',
  specifications: {
    modelo: 'ZP-10',
    alturaCalcador: '10',
    comprimentoDoPonto: '10',
    corteDeLinha: 'alto',
    velocidadeMaxima: '5500',
    motor: 'Bifásico',
    numeroDeAgulhas: '10',
    painelTouchScreen: 'sim',
    tipoDeAgulha: 'grossa'
  },
  createdAt: 2020-03-12T20:21:03.591Z,
  updatedAt: 2020-03-12T20:21:03.635Z,
  __v: 1
}
